Log file open, 09/21/23 15:28:10
LogWindows: Failed to load 'aqProf.dll' (GetLastError=126)
LogWindows: File 'aqProf.dll' does not exist
LogWindows: Failed to load 'VtuneApi.dll' (GetLastError=126)
LogWindows: File 'VtuneApi.dll' does not exist
LogWindows: Failed to load 'VtuneApi32e.dll' (GetLastError=126)
LogWindows: File 'VtuneApi32e.dll' does not exist
LogConsoleResponse: Display: Failed to find resolution value strings in scalability ini. Falling back to default.
LogConsoleResponse: Display: Failed to find resolution value strings in scalability ini. Falling back to default.
LogPakFile: Display: Found Pak file ../../../TencentClass/Content/Paks/TencentClass-WindowsNoEditor.pak attempting to mount.
LogPakFile: Display: Mounting pak file ../../../TencentClass/Content/Paks/TencentClass-WindowsNoEditor.pak.
LogPakFile: PakFile PrimaryIndexSize=30490
LogPakFile: PakFile PathHashIndexSize=46859
LogPakFile: PakFile FullDirectoryIndexSize=61531
LogShaderLibrary: Display: ShaderCodeLibraryPakFileMountedCallback: PakFile '../../../TencentClass/Content/Paks/TencentClass-WindowsNoEditor.pak' (chunk index -1, root '../../../') mounted
LogShaderLibrary: Display: ShaderCodeLibraryPakFileMountedCallback: pending pak file info (ChunkID:-1 Root:../../../ File:../../../TencentClass/Content/Paks/TencentClass-WindowsNoEditor.pak)
LogPakFile: OnPakFileMounted2Time == 0.000037
LogPlatformFile: Not using cached read wrapper
LogTaskGraph: Started task graph with 5 named threads and 23 total threads with 3 sets of task threads.
LogStats: Stats thread started at 0.140702
LogICUInternationalization: ICU TimeZone Detection - Raw Offset: +8:00, Platform Override: ''
LogInit: Display: Loading text-based GConfig....
LogPluginManager: Mounting plugin Paper2D
LogPluginManager: Mounting plugin AISupport
LogPluginManager: Mounting plugin EnvironmentQueryEditor
LogPluginManager: Mounting plugin LightPropagationVolume
LogPluginManager: Mounting plugin CameraShakePreviewer
LogPluginManager: Mounting plugin GameplayCameras
LogPluginManager: Mounting plugin TemplateSequence
LogPluginManager: Mounting plugin LevelSequenceEditor
LogPluginManager: Mounting plugin OodleData
LogPluginManager: Mounting plugin OodleNetwork
LogPluginManager: Mounting plugin AnimationSharing
LogPluginManager: Mounting plugin SignificanceManager
LogPluginManager: Mounting plugin PixWinPlugin
LogPluginManager: Mounting plugin PluginUtils
LogPluginManager: Mounting plugin PropertyAccessEditor
LogPluginManager: Mounting plugin UObjectPlugin
LogPluginManager: Mounting plugin AssetManagerEditor
LogPluginManager: Mounting plugin FacialAnimation
LogPluginManager: Mounting plugin GeometryMode
LogPluginManager: Mounting plugin SpeedTreeImporter
LogPluginManager: Mounting plugin DatasmithContent
LogPluginManager: Mounting plugin VariantManagerContent
LogPluginManager: Mounting plugin AlembicImporter
LogPluginManager: Mounting plugin GeometryCache
LogPluginManager: Mounting plugin AutomationUtils
LogPluginManager: Mounting plugin ScreenshotTools
LogPluginManager: Mounting plugin BackChannel
LogPluginManager: Mounting plugin ChaosClothEditor
LogPluginManager: Mounting plugin ChaosCloth
LogPluginManager: Mounting plugin ChaosEditor
LogPluginManager: Mounting plugin PlanarCut
LogPluginManager: Mounting plugin GeometryProcessing
LogPluginManager: Mounting plugin EditableMesh
LogPluginManager: Mounting plugin GeometryCollectionPlugin
LogPluginManager: Mounting plugin ProceduralMeshComponent
LogPluginManager: Mounting plugin ChaosSolverPlugin
LogPluginManager: Mounting plugin ChaosNiagara
LogPluginManager: Mounting plugin Niagara
LogPluginManager: Mounting plugin PythonScriptPlugin
LogPluginManager: Mounting plugin CharacterAI
LogPluginManager: Mounting plugin MotoSynth
LogPluginManager: Mounting plugin OpenImageDenoise
LogPluginManager: Mounting plugin PlatformCrypto
LogPluginManager: Mounting plugin MagicLeapPassableWorld
LogPluginManager: Mounting plugin MagicLeap
LogPluginManager: Mounting plugin MLSDK
LogPluginManager: Mounting plugin MagicLeapLightEstimation
LogPluginManager: Mounting plugin AvfMedia
LogPluginManager: Mounting plugin ImgMedia
LogPluginManager: Mounting plugin MediaCompositing
LogPluginManager: Mounting plugin WmfMedia
LogPluginManager: Mounting plugin MeshPainting
LogPluginManager: Mounting plugin TcpMessaging
LogPluginManager: Mounting plugin UdpMessaging
LogPluginManager: Mounting plugin ActorSequence
LogPluginManager: Mounting plugin MatineeToLevelSequence
LogPluginManager: Mounting plugin OnlineSubsystemNull
LogPluginManager: Mounting plugin OnlineSubsystem
LogPluginManager: Mounting plugin OnlineSubsystemUtils
LogPluginManager: Mounting plugin LauncherChunkInstaller
LogPluginManager: Mounting plugin ActorLayerUtilities
LogPluginManager: Mounting plugin AndroidPermission
LogPluginManager: Mounting plugin AppleImageUtils
LogPluginManager: Mounting plugin ArchVisCharacter
LogPluginManager: Mounting plugin AssetTags
LogPluginManager: Mounting plugin AudioCapture
LogPluginManager: Mounting plugin CableComponent
LogPluginManager: Mounting plugin ChunkDownloader
LogPluginManager: Mounting plugin CustomMeshComponent
LogPluginManager: Mounting plugin ExampleDeviceProfileSelector
LogPluginManager: Mounting plugin GooglePAD
LogPluginManager: Mounting plugin LocationServicesBPLibrary
LogPluginManager: Mounting plugin MobilePatchingUtils
LogPluginManager: Mounting plugin OculusVR
LogPluginManager: Mounting plugin OpenXREyeTracker
LogPluginManager: Mounting plugin OpenXR
LogPluginManager: Mounting plugin OpenXRHandTracking
LogPluginManager: Mounting plugin LiveLink
LogPluginManager: Mounting plugin Takes
LogPluginManager: Mounting plugin PhysXVehicles
LogPluginManager: Mounting plugin RuntimePhysXCooking
LogPluginManager: Mounting plugin SoundFields
LogPluginManager: Mounting plugin SteamVR
LogPluginManager: Mounting plugin Synthesis
LogPluginManager: Mounting plugin AudioSynesthesia
LogPluginManager: Mounting plugin WebMMoviePlayer
LogPluginManager: Mounting plugin WebMMedia
LogPluginManager: Mounting plugin WindowsMoviePlayer
PixWinPlugin: PIX capture plugin failed to initialize! Check that the process is launched from PIX.
LogLuminAPIImpl: Warning: MLSDK not found.  This likely means the MLSDK environment variable is not set.
LogInit: Using libcurl 7.55.1-DEV
LogInit:  - built for x86_64-pc-win32
LogInit:  - supports SSL with OpenSSL/1.1.1
LogInit:  - supports HTTP deflate (compression) using libz 1.2.8
LogInit:  - other features:
LogInit:      CURL_VERSION_SSL
LogInit:      CURL_VERSION_LIBZ
LogInit:      CURL_VERSION_IPV6
LogInit:      CURL_VERSION_ASYNCHDNS
LogInit:      CURL_VERSION_LARGEFILE
LogInit:      CURL_VERSION_IDN
LogInit:  CurlRequestOptions (configurable via config and command line):
LogInit:  - bVerifyPeer = true  - Libcurl will verify peer certificate
LogInit:  - bUseHttpProxy = true  - Libcurl will use HTTP proxy
LogInit:  - HttpProxyAddress = '127.0.0.1:7890'
LogInit:  - bDontReuseConnections = false  - Libcurl will reuse connections
LogInit:  - MaxHostConnections = 16  - Libcurl will limit the number of connections to a host
LogInit:  - LocalHostAddr = Default
LogInit:  - BufferSize = 65536
LogOnline: OSS: Creating online subsystem instance for: NULL
LogInit: WinSock: version 1.1 (2.2), MaxSocks=32767, MaxUdp=65467
LogOnline: OSS: TryLoadSubsystemAndSetDefault: Loaded subsystem for module [NULL]
LogOculusPluginWrapper: OculusPlugin initialized successfully
LogHMD: Failed initializing OVRPlugin 1.59.0
LogInit: Build: ++UE4+Release-4.27-CL-0
LogInit: Engine Version: 4.27.2-0+++UE4+Release-4.27
LogInit: Compatible Engine Version: 4.27.0-0+++UE4+Release-4.27
LogInit: Net CL: 0
LogInit: OS: Windows 10 (Release 2009) (), CPU: AMD Ryzen 7 3750H with Radeon Vega Mobile Gfx  , GPU: AMD Radeon(TM) RX Vega 10 Graphics
LogInit: Compiled (64-bit): Sep 21 2023 14:32:36
LogInit: Compiled with Visual C++: 19.37.32822.00
LogInit: Build Configuration: Development
LogInit: Branch Name: ++UE4+Release-4.27
LogInit: Command Line: 
LogInit: Base Directory: E:/unreal/Unreal Projects 4.27/TencentClass/WindowsNoEditor/TencentClass/Binaries/Win64/
LogInit: Allocator: binned2
LogInit: Installed Engine Build: 0
LogDevObjectVersion: Number of dev versions registered: 29
LogDevObjectVersion:   Dev-Blueprints (B0D832E4-1F89-4F0D-ACCF-7EB736FD4AA2): 10
LogDevObjectVersion:   Dev-Build (E1C64328-A22C-4D53-A36C-8E866417BD8C): 0
LogDevObjectVersion:   Dev-Core (375EC13C-06E4-48FB-B500-84F0262A717E): 4
LogDevObjectVersion:   Dev-Editor (E4B068ED-F494-42E9-A231-DA0B2E46BB41): 40
LogDevObjectVersion:   Dev-Framework (CFFC743F-43B0-4480-9391-14DF171D2073): 37
LogDevObjectVersion:   Dev-Mobile (B02B49B5-BB20-44E9-A304-32B752E40360): 3
LogDevObjectVersion:   Dev-Networking (A4E4105C-59A1-49B5-A7C5-40C4547EDFEE): 0
LogDevObjectVersion:   Dev-Online (39C831C9-5AE6-47DC-9A44-9C173E1C8E7C): 0
LogDevObjectVersion:   Dev-Physics (78F01B33-EBEA-4F98-B9B4-84EACCB95AA2): 14
LogDevObjectVersion:   Dev-Platform (6631380F-2D4D-43E0-8009-CF276956A95A): 0
LogDevObjectVersion:   Dev-Rendering (12F88B9F-8875-4AFC-A67C-D90C383ABD29): 45
LogDevObjectVersion:   Dev-Sequencer (7B5AE74C-D270-4C10-A958-57980B212A5A): 13
LogDevObjectVersion:   Dev-VR (D7296918-1DD6-4BDD-9DE2-64A83CC13884): 3
LogDevObjectVersion:   Dev-LoadTimes (C2A15278-BFE7-4AFE-6C17-90FF531DF755): 1
LogDevObjectVersion:   Private-Geometry (6EACA3D4-40EC-4CC1-B786-8BED09428FC5): 3
LogDevObjectVersion:   Dev-AnimPhys (29E575DD-E0A3-4627-9D10-D276232CDCEA): 17
LogDevObjectVersion:   Dev-Anim (AF43A65D-7FD3-4947-9873-3E8ED9C1BB05): 15
LogDevObjectVersion:   Dev-ReflectionCapture (6B266CEC-1EC7-4B8F-A30B-E4D90942FC07): 1
LogDevObjectVersion:   Dev-Automation (0DF73D61-A23F-47EA-B727-89E90C41499A): 1
LogDevObjectVersion:   FortniteMain (601D1886-AC64-4F84-AA16-D3DE0DEAC7D6): 47
LogDevObjectVersion:   FortniteRelease (E7086368-6B23-4C58-8439-1B7016265E91): 1
LogDevObjectVersion:   Dev-Enterprise (9DFFBCD6-494F-0158-E221-12823C92A888): 10
LogDevObjectVersion:   Dev-Niagara (F2AED0AC-9AFE-416F-8664-AA7FFA26D6FC): 1
LogDevObjectVersion:   Dev-Destruction (174F1F0B-B4C6-45A5-B13F-2EE8D0FB917D): 10
LogDevObjectVersion:   Dev-Physics-Ext (35F94A83-E258-406C-A318-09F59610247C): 41
LogDevObjectVersion:   Dev-PhysicsMaterial-Chaos (B68FC16E-8B1B-42E2-B453-215C058844FE): 1
LogDevObjectVersion:   Dev-CineCamera (B2E18506-4273-CFC2-A54E-F4BB758BBA07): 1
LogDevObjectVersion:   Dev-VirtualProduction (64F58936-FD1B-42BA-BA96-7289D5D0FA4E): 1
LogDevObjectVersion:   Dev-MediaFramework (6F0ED827-A609-4895-9C91-998D90180EA4): 2
LogInit: Presizing for max 2097152 objects, including 1 objects not considered by GC, pre-allocating 0 bytes for permanent pool.
LogConfig: Applying CVar settings from Section [/Script/Engine.StreamingSettings] File [../../../TencentClass/Saved/Config/WindowsNoEditor/Engine.ini]
LogConfig: Setting CVar [[s.MinBulkDataSizeForAsyncLoading:131072]]
LogConfig: Setting CVar [[s.AsyncLoadingThreadEnabled:0]]
LogConfig: Setting CVar [[s.EventDrivenLoaderEnabled:1]]
LogConfig: Setting CVar [[s.WarnIfTimeLimitExceeded:0]]
LogConfig: Setting CVar [[s.TimeLimitExceededMultiplier:1.5]]
LogConfig: Setting CVar [[s.TimeLimitExceededMinTime:0.005]]
LogConfig: Setting CVar [[s.UseBackgroundLevelStreaming:1]]
LogConfig: Setting CVar [[s.PriorityAsyncLoadingExtraTime:15.0]]
LogConfig: Setting CVar [[s.LevelStreamingActorsUpdateTimeLimit:5.0]]
LogConfig: Setting CVar [[s.PriorityLevelStreamingActorsUpdateExtraTime:5.0]]
LogConfig: Setting CVar [[s.LevelStreamingComponentsRegistrationGranularity:10]]
LogConfig: Setting CVar [[s.UnregisterComponentsTimeLimit:1.0]]
LogConfig: Setting CVar [[s.LevelStreamingComponentsUnregistrationGranularity:5]]
LogConfig: Setting CVar [[s.FlushStreamingOnExit:1]]
LogStreaming: Display: Async Loading initialized: Event Driven Loader: true, Async Loading Thread: false, Async Post Load: true
LogInit: Object subsystem initialized
LogConfig: Setting CVar [[con.DebugEarlyDefault:1]]
LogConfig: Setting CVar [[r.setres:1280x720]]
LogConfig: Setting CVar [[fx.NiagaraAllowRuntimeScalabilityChanges:1]]
[2023.09.21-07.28.10:707][  0]LogConfig: Setting CVar [[con.DebugEarlyDefault:1]]
[2023.09.21-07.28.10:707][  0]LogConfig: Setting CVar [[r.setres:1280x720]]
[2023.09.21-07.28.10:707][  0]LogConfig: Setting CVar [[fx.NiagaraAllowRuntimeScalabilityChanges:1]]
[2023.09.21-07.28.10:707][  0]LogConfig: Applying CVar settings from Section [/Script/Engine.RendererSettings] File [../../../TencentClass/Saved/Config/WindowsNoEditor/Engine.ini]
[2023.09.21-07.28.10:707][  0]LogConfig: Setting CVar [[r.GPUCrashDebugging:0]]
[2023.09.21-07.28.10:707][  0]LogConfig: Applying CVar settings from Section [/Script/Engine.RendererOverrideSettings] File [../../../TencentClass/Saved/Config/WindowsNoEditor/Engine.ini]
[2023.09.21-07.28.10:707][  0]LogConfig: Applying CVar settings from Section [/Script/Engine.StreamingSettings] File [../../../TencentClass/Saved/Config/WindowsNoEditor/Engine.ini]
[2023.09.21-07.28.10:707][  0]LogConfig: Setting CVar [[s.MinBulkDataSizeForAsyncLoading:131072]]
[2023.09.21-07.28.10:707][  0]LogConfig: Setting CVar [[s.AsyncLoadingThreadEnabled:0]]
[2023.09.21-07.28.10:707][  0]LogConfig: Setting CVar [[s.EventDrivenLoaderEnabled:1]]
[2023.09.21-07.28.10:707][  0]LogConfig: Setting CVar [[s.WarnIfTimeLimitExceeded:0]]
[2023.09.21-07.28.10:707][  0]LogConfig: Setting CVar [[s.TimeLimitExceededMultiplier:1.5]]
[2023.09.21-07.28.10:707][  0]LogConfig: Setting CVar [[s.TimeLimitExceededMinTime:0.005]]
[2023.09.21-07.28.10:707][  0]LogConfig: Setting CVar [[s.UseBackgroundLevelStreaming:1]]
[2023.09.21-07.28.10:708][  0]LogConfig: Setting CVar [[s.PriorityAsyncLoadingExtraTime:15.0]]
[2023.09.21-07.28.10:708][  0]LogConfig: Setting CVar [[s.LevelStreamingActorsUpdateTimeLimit:5.0]]
[2023.09.21-07.28.10:708][  0]LogConfig: Setting CVar [[s.PriorityLevelStreamingActorsUpdateExtraTime:5.0]]
[2023.09.21-07.28.10:708][  0]LogConfig: Setting CVar [[s.LevelStreamingComponentsRegistrationGranularity:10]]
[2023.09.21-07.28.10:708][  0]LogConfig: Setting CVar [[s.UnregisterComponentsTimeLimit:1.0]]
[2023.09.21-07.28.10:708][  0]LogConfig: Setting CVar [[s.LevelStreamingComponentsUnregistrationGranularity:5]]
[2023.09.21-07.28.10:708][  0]LogConfig: Setting CVar [[s.FlushStreamingOnExit:1]]
[2023.09.21-07.28.10:708][  0]LogConfig: Applying CVar settings from Section [/Script/Engine.GarbageCollectionSettings] File [../../../TencentClass/Saved/Config/WindowsNoEditor/Engine.ini]
[2023.09.21-07.28.10:708][  0]LogConfig: Setting CVar [[gc.MaxObjectsNotConsideredByGC:1]]
[2023.09.21-07.28.10:708][  0]LogConfig: Setting CVar [[gc.SizeOfPermanentObjectPool:0]]
[2023.09.21-07.28.10:708][  0]LogConfig: Setting CVar [[gc.FlushStreamingOnGC:0]]
[2023.09.21-07.28.10:708][  0]LogConfig: Setting CVar [[gc.NumRetriesBeforeForcingGC:10]]
[2023.09.21-07.28.10:708][  0]LogConfig: Setting CVar [[gc.AllowParallelGC:1]]
[2023.09.21-07.28.10:708][  0]LogConfig: Setting CVar [[gc.TimeBetweenPurgingPendingKillObjects:61.1]]
[2023.09.21-07.28.10:708][  0]LogConfig: Setting CVar [[gc.MaxObjectsInEditor:25165824]]
[2023.09.21-07.28.10:708][  0]LogConfig: Setting CVar [[gc.IncrementalBeginDestroyEnabled:1]]
[2023.09.21-07.28.10:708][  0]LogConfig: Setting CVar [[gc.CreateGCClusters:1]]
[2023.09.21-07.28.10:708][  0]LogConfig: Setting CVar [[gc.MinGCClusterSize:5]]
[2023.09.21-07.28.10:708][  0]LogConfig: Setting CVar [[gc.ActorClusteringEnabled:0]]
[2023.09.21-07.28.10:708][  0]LogConfig: Setting CVar [[gc.BlueprintClusteringEnabled:0]]
[2023.09.21-07.28.10:708][  0]LogConfig: Setting CVar [[gc.UseDisregardForGCOnDedicatedServers:0]]
[2023.09.21-07.28.10:708][  0]LogConfig: Setting CVar [[gc.MultithreadedDestructionEnabled:1]]
[2023.09.21-07.28.10:708][  0]LogConfig: Applying CVar settings from Section [/Script/Engine.NetworkSettings] File [../../../TencentClass/Saved/Config/WindowsNoEditor/Engine.ini]
[2023.09.21-07.28.10:727][  0]LogConfig: Applying CVar settings from Section [ViewDistanceQuality@3] File [../../../TencentClass/Saved/Config/WindowsNoEditor/Scalability.ini]
[2023.09.21-07.28.10:727][  0]LogConfig: Setting CVar [[r.SkeletalMeshLODBias:0]]
[2023.09.21-07.28.10:727][  0]LogConfig: Setting CVar [[r.ViewDistanceScale:1.0]]
[2023.09.21-07.28.10:728][  0]LogConfig: Applying CVar settings from Section [AntiAliasingQuality@3] File [../../../TencentClass/Saved/Config/WindowsNoEditor/Scalability.ini]
[2023.09.21-07.28.10:728][  0]LogConfig: Setting CVar [[r.PostProcessAAQuality:4]]
[2023.09.21-07.28.10:728][  0]LogConfig: Applying CVar settings from Section [ShadowQuality@3] File [../../../TencentClass/Saved/Config/WindowsNoEditor/Scalability.ini]
[2023.09.21-07.28.10:728][  0]LogConfig: Setting CVar [[r.LightFunctionQuality:1]]
[2023.09.21-07.28.10:728][  0]LogConfig: Setting CVar [[r.ShadowQuality:5]]
[2023.09.21-07.28.10:728][  0]LogConfig: Setting CVar [[r.Shadow.CSM.MaxCascades:10]]
[2023.09.21-07.28.10:728][  0]LogConfig: Setting CVar [[r.Shadow.MaxResolution:2048]]
[2023.09.21-07.28.10:728][  0]LogConfig: Setting CVar [[r.Shadow.MaxCSMResolution:2048]]
[2023.09.21-07.28.10:728][  0]LogConfig: Setting CVar [[r.Shadow.RadiusThreshold:0.01]]
[2023.09.21-07.28.10:728][  0]LogConfig: Setting CVar [[r.Shadow.DistanceScale:1.0]]
[2023.09.21-07.28.10:728][  0]LogConfig: Setting CVar [[r.Shadow.CSM.TransitionScale:1.0]]
[2023.09.21-07.28.10:728][  0]LogConfig: Setting CVar [[r.Shadow.PreShadowResolutionFactor:1.0]]
[2023.09.21-07.28.10:728][  0]LogConfig: Setting CVar [[r.DistanceFieldShadowing:1]]
[2023.09.21-07.28.10:728][  0]LogConfig: Setting CVar [[r.DistanceFieldAO:1]]
[2023.09.21-07.28.10:728][  0]LogConfig: Setting CVar [[r.AOQuality:2]]
[2023.09.21-07.28.10:728][  0]LogConfig: Setting CVar [[r.VolumetricFog:1]]
[2023.09.21-07.28.10:728][  0]LogConfig: Setting CVar [[r.VolumetricFog.GridPixelSize:8]]
[2023.09.21-07.28.10:728][  0]LogConfig: Setting CVar [[r.VolumetricFog.GridSizeZ:128]]
[2023.09.21-07.28.10:728][  0]LogConfig: Setting CVar [[r.VolumetricFog.HistoryMissSupersampleCount:4]]
[2023.09.21-07.28.10:728][  0]LogConfig: Setting CVar [[r.LightMaxDrawDistanceScale:1]]
[2023.09.21-07.28.10:728][  0]LogConfig: Setting CVar [[r.CapsuleShadows:1]]
[2023.09.21-07.28.10:728][  0]LogConfig: Applying CVar settings from Section [PostProcessQuality@3] File [../../../TencentClass/Saved/Config/WindowsNoEditor/Scalability.ini]
[2023.09.21-07.28.10:728][  0]LogConfig: Setting CVar [[r.MotionBlurQuality:4]]
[2023.09.21-07.28.10:728][  0]LogConfig: Setting CVar [[r.AmbientOcclusionMipLevelFactor:0.4]]
[2023.09.21-07.28.10:728][  0]LogConfig: Setting CVar [[r.AmbientOcclusionMaxQuality:100]]
[2023.09.21-07.28.10:728][  0]LogConfig: Setting CVar [[r.AmbientOcclusionLevels:-1]]
[2023.09.21-07.28.10:728][  0]LogConfig: Setting CVar [[r.AmbientOcclusionRadiusScale:1.0]]
[2023.09.21-07.28.10:728][  0]LogConfig: Setting CVar [[r.DepthOfFieldQuality:2]]
[2023.09.21-07.28.10:728][  0]LogConfig: Setting CVar [[r.RenderTargetPoolMin:400]]
[2023.09.21-07.28.10:728][  0]LogConfig: Setting CVar [[r.LensFlareQuality:2]]
[2023.09.21-07.28.10:728][  0]LogConfig: Setting CVar [[r.SceneColorFringeQuality:1]]
[2023.09.21-07.28.10:728][  0]LogConfig: Setting CVar [[r.EyeAdaptationQuality:2]]
[2023.09.21-07.28.10:728][  0]LogConfig: Setting CVar [[r.BloomQuality:5]]
[2023.09.21-07.28.10:728][  0]LogConfig: Setting CVar [[r.FastBlurThreshold:100]]
[2023.09.21-07.28.10:728][  0]LogConfig: Setting CVar [[r.Upscale.Quality:3]]
[2023.09.21-07.28.10:728][  0]LogConfig: Setting CVar [[r.Tonemapper.GrainQuantization:1]]
[2023.09.21-07.28.10:728][  0]LogConfig: Setting CVar [[r.LightShaftQuality:1]]
[2023.09.21-07.28.10:728][  0]LogConfig: Setting CVar [[r.Filter.SizeScale:1]]
[2023.09.21-07.28.10:728][  0]LogConfig: Setting CVar [[r.Tonemapper.Quality:5]]
[2023.09.21-07.28.10:728][  0]LogConfig: Setting CVar [[r.DOF.Gather.AccumulatorQuality:1        ; higher gathering accumulator quality]]
[2023.09.21-07.28.10:728][  0]LogConfig: Setting CVar [[r.DOF.Gather.PostfilterMethod:1          ; Median3x3 postfilering method]]
[2023.09.21-07.28.10:728][  0]LogConfig: Setting CVar [[r.DOF.Gather.EnableBokehSettings:0       ; no bokeh simulation when gathering]]
[2023.09.21-07.28.10:728][  0]LogConfig: Setting CVar [[r.DOF.Gather.RingCount:4                 ; medium number of samples when gathering]]
[2023.09.21-07.28.10:728][  0]LogConfig: Setting CVar [[r.DOF.Scatter.ForegroundCompositing:1    ; additive foreground scattering]]
[2023.09.21-07.28.10:728][  0]LogConfig: Setting CVar [[r.DOF.Scatter.BackgroundCompositing:2    ; additive background scattering]]
[2023.09.21-07.28.10:728][  0]LogConfig: Setting CVar [[r.DOF.Scatter.EnableBokehSettings:1      ; bokeh simulation when scattering]]
[2023.09.21-07.28.10:728][  0]LogConfig: Setting CVar [[r.DOF.Scatter.MaxSpriteRatio:0.1         ; only a maximum of 10% of scattered bokeh]]
[2023.09.21-07.28.10:728][  0]LogConfig: Setting CVar [[r.DOF.Recombine.Quality:1                ; cheap slight out of focus]]
[2023.09.21-07.28.10:728][  0]LogConfig: Setting CVar [[r.DOF.Recombine.EnableBokehSettings:0    ; no bokeh simulation on slight out of focus]]
[2023.09.21-07.28.10:728][  0]LogConfig: Setting CVar [[r.DOF.TemporalAAQuality:1                ; more stable temporal accumulation]]
[2023.09.21-07.28.10:728][  0]LogConfig: Setting CVar [[r.DOF.Kernel.MaxForegroundRadius:0.025]]
[2023.09.21-07.28.10:728][  0]LogConfig: Setting CVar [[r.DOF.Kernel.MaxBackgroundRadius:0.025]]
[2023.09.21-07.28.10:728][  0]LogConfig: Applying CVar settings from Section [TextureQuality@3] File [../../../TencentClass/Saved/Config/WindowsNoEditor/Scalability.ini]
[2023.09.21-07.28.10:728][  0]LogConfig: Setting CVar [[r.Streaming.MipBias:0]]
[2023.09.21-07.28.10:728][  0]LogConfig: Setting CVar [[r.Streaming.AmortizeCPUToGPUCopy:0]]
[2023.09.21-07.28.10:728][  0]LogConfig: Setting CVar [[r.Streaming.MaxNumTexturesToStreamPerFrame:0]]
[2023.09.21-07.28.10:728][  0]LogConfig: Setting CVar [[r.Streaming.Boost:1]]
[2023.09.21-07.28.10:728][  0]LogConfig: Setting CVar [[r.MaxAnisotropy:8]]
[2023.09.21-07.28.10:728][  0]LogConfig: Setting CVar [[r.VT.MaxAnisotropy:8]]
[2023.09.21-07.28.10:729][  0]LogConfig: Setting CVar [[r.Streaming.LimitPoolSizeToVRAM:0]]
[2023.09.21-07.28.10:729][  0]LogConfig: Setting CVar [[r.Streaming.PoolSize:1000]]
[2023.09.21-07.28.10:729][  0]LogConfig: Setting CVar [[r.Streaming.MaxEffectiveScreenSize:0]]
[2023.09.21-07.28.10:729][  0]LogConfig: Applying CVar settings from Section [EffectsQuality@3] File [../../../TencentClass/Saved/Config/WindowsNoEditor/Scalability.ini]
[2023.09.21-07.28.10:729][  0]LogConfig: Setting CVar [[r.TranslucencyLightingVolumeDim:64]]
[2023.09.21-07.28.10:729][  0]LogConfig: Setting CVar [[r.RefractionQuality:2]]
[2023.09.21-07.28.10:729][  0]LogConfig: Setting CVar [[r.SSR.Quality:3]]
[2023.09.21-07.28.10:729][  0]LogConfig: Setting CVar [[r.SSR.HalfResSceneColor:0]]
[2023.09.21-07.28.10:729][  0]LogConfig: Setting CVar [[r.SceneColorFormat:4]]
[2023.09.21-07.28.10:729][  0]LogConfig: Setting CVar [[r.DetailMode:2]]
[2023.09.21-07.28.10:729][  0]LogConfig: Setting CVar [[r.TranslucencyVolumeBlur:1]]
[2023.09.21-07.28.10:729][  0]LogConfig: Setting CVar [[r.MaterialQualityLevel:1 ; High quality]]
[2023.09.21-07.28.10:729][  0]LogConfig: Setting CVar [[r.AnisotropicMaterials:1]]
[2023.09.21-07.28.10:729][  0]LogConfig: Setting CVar [[r.SSS.Scale:1]]
[2023.09.21-07.28.10:729][  0]LogConfig: Setting CVar [[r.SSS.SampleSet:2]]
[2023.09.21-07.28.10:729][  0]LogConfig: Setting CVar [[r.SSS.Quality:1]]
[2023.09.21-07.28.10:729][  0]LogConfig: Setting CVar [[r.SSS.HalfRes:0]]
[2023.09.21-07.28.10:729][  0]LogConfig: Setting CVar [[r.SSGI.Quality:3]]
[2023.09.21-07.28.10:729][  0]LogConfig: Setting CVar [[r.EmitterSpawnRateScale:1.0]]
[2023.09.21-07.28.10:729][  0]LogConfig: Setting CVar [[r.ParticleLightQuality:2]]
[2023.09.21-07.28.10:729][  0]LogConfig: Setting CVar [[r.SkyAtmosphere.AerialPerspectiveLUT.FastApplyOnOpaque:1 ; Always have FastSkyLUT 1 in this case to avoid wrong sky]]
[2023.09.21-07.28.10:729][  0]LogConfig: Setting CVar [[r.SkyAtmosphere.AerialPerspectiveLUT.SampleCountMaxPerSlice:4]]
[2023.09.21-07.28.10:729][  0]LogConfig: Setting CVar [[r.SkyAtmosphere.AerialPerspectiveLUT.DepthResolution:16.0]]
[2023.09.21-07.28.10:729][  0]LogConfig: Setting CVar [[r.SkyAtmosphere.FastSkyLUT:1]]
[2023.09.21-07.28.10:729][  0]LogConfig: Setting CVar [[r.SkyAtmosphere.FastSkyLUT.SampleCountMin:4.0]]
[2023.09.21-07.28.10:729][  0]LogConfig: Setting CVar [[r.SkyAtmosphere.FastSkyLUT.SampleCountMax:128.0]]
[2023.09.21-07.28.10:729][  0]LogConfig: Setting CVar [[r.SkyAtmosphere.SampleCountMin:4.0]]
[2023.09.21-07.28.10:729][  0]LogConfig: Setting CVar [[r.SkyAtmosphere.SampleCountMax:128.0]]
[2023.09.21-07.28.10:729][  0]LogConfig: Setting CVar [[r.SkyAtmosphere.TransmittanceLUT.UseSmallFormat:0]]
[2023.09.21-07.28.10:729][  0]LogConfig: Setting CVar [[r.SkyAtmosphere.TransmittanceLUT.SampleCount:10.0]]
[2023.09.21-07.28.10:729][  0]LogConfig: Setting CVar [[r.SkyAtmosphere.MultiScatteringLUT.SampleCount:15.0]]
[2023.09.21-07.28.10:729][  0]LogConfig: Setting CVar [[r.SkyLight.RealTimeReflectionCapture:1]]
[2023.09.21-07.28.10:729][  0]LogConfig: Setting CVar [[fx.Niagara.QualityLevel:3]]
[2023.09.21-07.28.10:729][  0]LogConfig: Applying CVar settings from Section [FoliageQuality@3] File [../../../TencentClass/Saved/Config/WindowsNoEditor/Scalability.ini]
[2023.09.21-07.28.10:729][  0]LogConfig: Setting CVar [[foliage.DensityScale:1.0]]
[2023.09.21-07.28.10:729][  0]LogConfig: Setting CVar [[grass.DensityScale:1.0]]
[2023.09.21-07.28.10:729][  0]LogConfig: Applying CVar settings from Section [ShadingQuality@3] File [../../../TencentClass/Saved/Config/WindowsNoEditor/Scalability.ini]
[2023.09.21-07.28.10:729][  0]LogConfig: Setting CVar [[r.HairStrands.SkyLighting.IntegrationType:2]]
[2023.09.21-07.28.10:729][  0]LogConfig: Setting CVar [[r.HairStrands.SkyAO.SampleCount:4]]
[2023.09.21-07.28.10:729][  0]LogConfig: Setting CVar [[r.HairStrands.Visibility.MSAA.SamplePerPixel:4]]
[2023.09.21-07.28.10:729][  0]LogInit: Selected Device Profile: [WindowsNoEditor]
[2023.09.21-07.28.10:729][  0]LogInit: Applying CVar settings loaded from the selected device profile: [WindowsNoEditor]
[2023.09.21-07.28.10:729][  0]LogHAL: Display: Platform has ~ 16 GB [16844120064 / 17179869184 / 16], which maps to Larger [LargestMinGB=32, LargerMinGB=12, DefaultMinGB=8, SmallerMinGB=6, SmallestMinGB=0)
[2023.09.21-07.28.10:729][  0]LogInit: Going up to parent DeviceProfile [Windows]
[2023.09.21-07.28.10:729][  0]LogInit: Going up to parent DeviceProfile []
[2023.09.21-07.28.10:729][  0]LogConfig: Applying CVar settings from Section [ViewDistanceQuality@3] File [../../../TencentClass/Saved/Config/WindowsNoEditor/Scalability.ini]
[2023.09.21-07.28.10:729][  0]LogConfig: Setting CVar [[r.SkeletalMeshLODBias:0]]
[2023.09.21-07.28.10:729][  0]LogConfig: Setting CVar [[r.ViewDistanceScale:1.0]]
[2023.09.21-07.28.10:729][  0]LogConfig: Applying CVar settings from Section [AntiAliasingQuality@3] File [../../../TencentClass/Saved/Config/WindowsNoEditor/Scalability.ini]
[2023.09.21-07.28.10:729][  0]LogConfig: Setting CVar [[r.PostProcessAAQuality:4]]
[2023.09.21-07.28.10:729][  0]LogConfig: Applying CVar settings from Section [ShadowQuality@3] File [../../../TencentClass/Saved/Config/WindowsNoEditor/Scalability.ini]
[2023.09.21-07.28.10:729][  0]LogConfig: Setting CVar [[r.LightFunctionQuality:1]]
[2023.09.21-07.28.10:729][  0]LogConfig: Setting CVar [[r.ShadowQuality:5]]
[2023.09.21-07.28.10:729][  0]LogConfig: Setting CVar [[r.Shadow.CSM.MaxCascades:10]]
[2023.09.21-07.28.10:729][  0]LogConfig: Setting CVar [[r.Shadow.MaxResolution:2048]]
[2023.09.21-07.28.10:730][  0]LogConfig: Setting CVar [[r.Shadow.MaxCSMResolution:2048]]
[2023.09.21-07.28.10:730][  0]LogConfig: Setting CVar [[r.Shadow.RadiusThreshold:0.01]]
[2023.09.21-07.28.10:730][  0]LogConfig: Setting CVar [[r.Shadow.DistanceScale:1.0]]
[2023.09.21-07.28.10:730][  0]LogConfig: Setting CVar [[r.Shadow.CSM.TransitionScale:1.0]]
[2023.09.21-07.28.10:730][  0]LogConfig: Setting CVar [[r.Shadow.PreShadowResolutionFactor:1.0]]
[2023.09.21-07.28.10:730][  0]LogConfig: Setting CVar [[r.DistanceFieldShadowing:1]]
[2023.09.21-07.28.10:730][  0]LogConfig: Setting CVar [[r.DistanceFieldAO:1]]
[2023.09.21-07.28.10:730][  0]LogConfig: Setting CVar [[r.AOQuality:2]]
[2023.09.21-07.28.10:730][  0]LogConfig: Setting CVar [[r.VolumetricFog:1]]
[2023.09.21-07.28.10:730][  0]LogConfig: Setting CVar [[r.VolumetricFog.GridPixelSize:8]]
[2023.09.21-07.28.10:730][  0]LogConfig: Setting CVar [[r.VolumetricFog.GridSizeZ:128]]
[2023.09.21-07.28.10:730][  0]LogConfig: Setting CVar [[r.VolumetricFog.HistoryMissSupersampleCount:4]]
[2023.09.21-07.28.10:730][  0]LogConfig: Setting CVar [[r.LightMaxDrawDistanceScale:1]]
[2023.09.21-07.28.10:730][  0]LogConfig: Setting CVar [[r.CapsuleShadows:1]]
[2023.09.21-07.28.10:730][  0]LogConfig: Applying CVar settings from Section [PostProcessQuality@3] File [../../../TencentClass/Saved/Config/WindowsNoEditor/Scalability.ini]
[2023.09.21-07.28.10:730][  0]LogConfig: Setting CVar [[r.MotionBlurQuality:4]]
[2023.09.21-07.28.10:730][  0]LogConfig: Setting CVar [[r.AmbientOcclusionMipLevelFactor:0.4]]
[2023.09.21-07.28.10:730][  0]LogConfig: Setting CVar [[r.AmbientOcclusionMaxQuality:100]]
[2023.09.21-07.28.10:730][  0]LogConfig: Setting CVar [[r.AmbientOcclusionLevels:-1]]
[2023.09.21-07.28.10:730][  0]LogConfig: Setting CVar [[r.AmbientOcclusionRadiusScale:1.0]]
[2023.09.21-07.28.10:730][  0]LogConfig: Setting CVar [[r.DepthOfFieldQuality:2]]
[2023.09.21-07.28.10:730][  0]LogConfig: Setting CVar [[r.RenderTargetPoolMin:400]]
[2023.09.21-07.28.10:730][  0]LogConfig: Setting CVar [[r.LensFlareQuality:2]]
[2023.09.21-07.28.10:730][  0]LogConfig: Setting CVar [[r.SceneColorFringeQuality:1]]
[2023.09.21-07.28.10:730][  0]LogConfig: Setting CVar [[r.EyeAdaptationQuality:2]]
[2023.09.21-07.28.10:730][  0]LogConfig: Setting CVar [[r.BloomQuality:5]]
[2023.09.21-07.28.10:730][  0]LogConfig: Setting CVar [[r.FastBlurThreshold:100]]
[2023.09.21-07.28.10:730][  0]LogConfig: Setting CVar [[r.Upscale.Quality:3]]
[2023.09.21-07.28.10:730][  0]LogConfig: Setting CVar [[r.Tonemapper.GrainQuantization:1]]
[2023.09.21-07.28.10:730][  0]LogConfig: Setting CVar [[r.LightShaftQuality:1]]
[2023.09.21-07.28.10:730][  0]LogConfig: Setting CVar [[r.Filter.SizeScale:1]]
[2023.09.21-07.28.10:730][  0]LogConfig: Setting CVar [[r.Tonemapper.Quality:5]]
[2023.09.21-07.28.10:730][  0]LogConfig: Setting CVar [[r.DOF.Gather.AccumulatorQuality:1        ; higher gathering accumulator quality]]
[2023.09.21-07.28.10:730][  0]LogConfig: Setting CVar [[r.DOF.Gather.PostfilterMethod:1          ; Median3x3 postfilering method]]
[2023.09.21-07.28.10:730][  0]LogConfig: Setting CVar [[r.DOF.Gather.EnableBokehSettings:0       ; no bokeh simulation when gathering]]
[2023.09.21-07.28.10:730][  0]LogConfig: Setting CVar [[r.DOF.Gather.RingCount:4                 ; medium number of samples when gathering]]
[2023.09.21-07.28.10:730][  0]LogConfig: Setting CVar [[r.DOF.Scatter.ForegroundCompositing:1    ; additive foreground scattering]]
[2023.09.21-07.28.10:730][  0]LogConfig: Setting CVar [[r.DOF.Scatter.BackgroundCompositing:2    ; additive background scattering]]
[2023.09.21-07.28.10:730][  0]LogConfig: Setting CVar [[r.DOF.Scatter.EnableBokehSettings:1      ; bokeh simulation when scattering]]
[2023.09.21-07.28.10:730][  0]LogConfig: Setting CVar [[r.DOF.Scatter.MaxSpriteRatio:0.1         ; only a maximum of 10% of scattered bokeh]]
[2023.09.21-07.28.10:730][  0]LogConfig: Setting CVar [[r.DOF.Recombine.Quality:1                ; cheap slight out of focus]]
[2023.09.21-07.28.10:730][  0]LogConfig: Setting CVar [[r.DOF.Recombine.EnableBokehSettings:0    ; no bokeh simulation on slight out of focus]]
[2023.09.21-07.28.10:730][  0]LogConfig: Setting CVar [[r.DOF.TemporalAAQuality:1                ; more stable temporal accumulation]]
[2023.09.21-07.28.10:730][  0]LogConfig: Setting CVar [[r.DOF.Kernel.MaxForegroundRadius:0.025]]
[2023.09.21-07.28.10:730][  0]LogConfig: Setting CVar [[r.DOF.Kernel.MaxBackgroundRadius:0.025]]
[2023.09.21-07.28.10:730][  0]LogConfig: Applying CVar settings from Section [TextureQuality@3] File [../../../TencentClass/Saved/Config/WindowsNoEditor/Scalability.ini]
[2023.09.21-07.28.10:730][  0]LogConfig: Setting CVar [[r.Streaming.MipBias:0]]
[2023.09.21-07.28.10:730][  0]LogConfig: Setting CVar [[r.Streaming.AmortizeCPUToGPUCopy:0]]
[2023.09.21-07.28.10:730][  0]LogConfig: Setting CVar [[r.Streaming.MaxNumTexturesToStreamPerFrame:0]]
[2023.09.21-07.28.10:730][  0]LogConfig: Setting CVar [[r.Streaming.Boost:1]]
[2023.09.21-07.28.10:730][  0]LogConfig: Setting CVar [[r.MaxAnisotropy:8]]
[2023.09.21-07.28.10:730][  0]LogConfig: Setting CVar [[r.VT.MaxAnisotropy:8]]
[2023.09.21-07.28.10:730][  0]LogConfig: Setting CVar [[r.Streaming.LimitPoolSizeToVRAM:0]]
[2023.09.21-07.28.10:730][  0]LogConfig: Setting CVar [[r.Streaming.PoolSize:1000]]
[2023.09.21-07.28.10:730][  0]LogConfig: Setting CVar [[r.Streaming.MaxEffectiveScreenSize:0]]
[2023.09.21-07.28.10:731][  0]LogConfig: Applying CVar settings from Section [EffectsQuality@3] File [../../../TencentClass/Saved/Config/WindowsNoEditor/Scalability.ini]
[2023.09.21-07.28.10:731][  0]LogConfig: Setting CVar [[r.TranslucencyLightingVolumeDim:64]]
[2023.09.21-07.28.10:731][  0]LogConfig: Setting CVar [[r.RefractionQuality:2]]
[2023.09.21-07.28.10:731][  0]LogConfig: Setting CVar [[r.SSR.Quality:3]]
[2023.09.21-07.28.10:731][  0]LogConfig: Setting CVar [[r.SSR.HalfResSceneColor:0]]
[2023.09.21-07.28.10:731][  0]LogConfig: Setting CVar [[r.SceneColorFormat:4]]
[2023.09.21-07.28.10:731][  0]LogConfig: Setting CVar [[r.DetailMode:2]]
[2023.09.21-07.28.10:731][  0]LogConfig: Setting CVar [[r.TranslucencyVolumeBlur:1]]
[2023.09.21-07.28.10:731][  0]LogConfig: Setting CVar [[r.MaterialQualityLevel:1 ; High quality]]
[2023.09.21-07.28.10:731][  0]LogConfig: Setting CVar [[r.AnisotropicMaterials:1]]
[2023.09.21-07.28.10:731][  0]LogConfig: Setting CVar [[r.SSS.Scale:1]]
[2023.09.21-07.28.10:731][  0]LogConfig: Setting CVar [[r.SSS.SampleSet:2]]
[2023.09.21-07.28.10:731][  0]LogConfig: Setting CVar [[r.SSS.Quality:1]]
[2023.09.21-07.28.10:731][  0]LogConfig: Setting CVar [[r.SSS.HalfRes:0]]
[2023.09.21-07.28.10:731][  0]LogConfig: Setting CVar [[r.SSGI.Quality:3]]
[2023.09.21-07.28.10:731][  0]LogConfig: Setting CVar [[r.EmitterSpawnRateScale:1.0]]
[2023.09.21-07.28.10:731][  0]LogConfig: Setting CVar [[r.ParticleLightQuality:2]]
[2023.09.21-07.28.10:731][  0]LogConfig: Setting CVar [[r.SkyAtmosphere.AerialPerspectiveLUT.FastApplyOnOpaque:1 ; Always have FastSkyLUT 1 in this case to avoid wrong sky]]
[2023.09.21-07.28.10:731][  0]LogConfig: Setting CVar [[r.SkyAtmosphere.AerialPerspectiveLUT.SampleCountMaxPerSlice:4]]
[2023.09.21-07.28.10:731][  0]LogConfig: Setting CVar [[r.SkyAtmosphere.AerialPerspectiveLUT.DepthResolution:16.0]]
[2023.09.21-07.28.10:731][  0]LogConfig: Setting CVar [[r.SkyAtmosphere.FastSkyLUT:1]]
[2023.09.21-07.28.10:731][  0]LogConfig: Setting CVar [[r.SkyAtmosphere.FastSkyLUT.SampleCountMin:4.0]]
[2023.09.21-07.28.10:731][  0]LogConfig: Setting CVar [[r.SkyAtmosphere.FastSkyLUT.SampleCountMax:128.0]]
[2023.09.21-07.28.10:731][  0]LogConfig: Setting CVar [[r.SkyAtmosphere.SampleCountMin:4.0]]
[2023.09.21-07.28.10:731][  0]LogConfig: Setting CVar [[r.SkyAtmosphere.SampleCountMax:128.0]]
[2023.09.21-07.28.10:731][  0]LogConfig: Setting CVar [[r.SkyAtmosphere.TransmittanceLUT.UseSmallFormat:0]]
[2023.09.21-07.28.10:731][  0]LogConfig: Setting CVar [[r.SkyAtmosphere.TransmittanceLUT.SampleCount:10.0]]
[2023.09.21-07.28.10:731][  0]LogConfig: Setting CVar [[r.SkyAtmosphere.MultiScatteringLUT.SampleCount:15.0]]
[2023.09.21-07.28.10:731][  0]LogConfig: Setting CVar [[r.SkyLight.RealTimeReflectionCapture:1]]
[2023.09.21-07.28.10:731][  0]LogConfig: Setting CVar [[fx.Niagara.QualityLevel:3]]
[2023.09.21-07.28.10:731][  0]LogConfig: Applying CVar settings from Section [FoliageQuality@3] File [../../../TencentClass/Saved/Config/WindowsNoEditor/Scalability.ini]
[2023.09.21-07.28.10:731][  0]LogConfig: Setting CVar [[foliage.DensityScale:1.0]]
[2023.09.21-07.28.10:731][  0]LogConfig: Setting CVar [[grass.DensityScale:1.0]]
[2023.09.21-07.28.10:731][  0]LogConfig: Applying CVar settings from Section [ShadingQuality@3] File [../../../TencentClass/Saved/Config/WindowsNoEditor/Scalability.ini]
[2023.09.21-07.28.10:731][  0]LogConfig: Setting CVar [[r.HairStrands.SkyLighting.IntegrationType:2]]
[2023.09.21-07.28.10:731][  0]LogConfig: Setting CVar [[r.HairStrands.SkyAO.SampleCount:4]]
[2023.09.21-07.28.10:731][  0]LogConfig: Setting CVar [[r.HairStrands.Visibility.MSAA.SamplePerPixel:4]]
[2023.09.21-07.28.10:731][  0]LogConfig: Applying CVar settings from Section [Startup] File [../../../Engine/Config/ConsoleVariables.ini]
[2023.09.21-07.28.10:731][  0]LogConfig: Setting CVar [[net.UseAdaptiveNetUpdateFrequency:0]]
[2023.09.21-07.28.10:731][  0]LogConfig: Setting CVar [[p.chaos.AllowCreatePhysxBodies:1]]
[2023.09.21-07.28.10:731][  0]LogConfig: Setting CVar [[fx.SkipVectorVMBackendOptimizations:1]]
[2023.09.21-07.28.10:731][  0]LogConfig: Applying CVar settings from Section [ConsoleVariables] File [../../../TencentClass/Saved/Config/WindowsNoEditor/Engine.ini]
[2023.09.21-07.28.10:731][  0]LogInit: Computer: LAPTOP-4CTV1V6R
[2023.09.21-07.28.10:731][  0]LogInit: User: 14458
[2023.09.21-07.28.10:731][  0]LogInit: CPU Page size=4096, Cores=4
[2023.09.21-07.28.10:731][  0]LogInit: High frequency timer resolution =10.000000 MHz
[2023.09.21-07.28.10:731][  0]LogMemory: Memory total: Physical=15.7GB (16GB approx)
[2023.09.21-07.28.10:732][  0]LogMemory: Platform Memory Stats for WindowsNoEditor
[2023.09.21-07.28.10:732][  0]LogMemory: Process Physical Memory: 112.52 MB used, 112.53 MB peak
[2023.09.21-07.28.10:732][  0]LogMemory: Process Virtual Memory: 79.62 MB used, 79.62 MB peak
[2023.09.21-07.28.10:732][  0]LogMemory: Physical Memory: 6933.36 MB used,  9130.44 MB free, 16063.80 MB total
[2023.09.21-07.28.10:732][  0]LogMemory: Virtual Memory: 134178792.00 MB used,  38935.90 MB free, 134217728.00 MB total
[2023.09.21-07.28.10:792][  0]LogWindows: WindowsPlatformFeatures enabled
[2023.09.21-07.28.10:853][  0]LogInit: Physics initialised using underlying interface: PhysX
[2023.09.21-07.28.10:857][  0]LogInit: Using OS detected language (zh-CN).
[2023.09.21-07.28.10:857][  0]LogInit: Using OS detected locale (zh-CN).
[2023.09.21-07.28.10:858][  0]LogTextLocalizationManager: No localization for 'zh-CN' exists, so 'en' will be used for the language.
[2023.09.21-07.28.10:858][  0]LogTextLocalizationManager: No localization for 'zh-CN' exists, so 'en' will be used for the locale.
[2023.09.21-07.28.10:901][  0]LogWindowsTextInputMethodSystem: Display: IME system deactivated.
[2023.09.21-07.28.10:925][  0]LogSlate: New Slate User Created.  User Index 0, Is Virtual User: 0
[2023.09.21-07.28.10:925][  0]LogSlate: Slate User Registered.  User Index 0, Is Virtual User: 0
[2023.09.21-07.28.10:959][  0]LogD3D11RHI: Loaded GFSDK_Aftermath_Lib.x64.dll
[2023.09.21-07.28.10:976][  0]LogHMD: Failed to initialize OpenVR with code 110
[2023.09.21-07.28.10:976][  0]LogD3D11RHI: D3D11 min allowed feature level: 11_0
[2023.09.21-07.28.10:976][  0]LogD3D11RHI: D3D11 max allowed feature level: 11_0
[2023.09.21-07.28.10:976][  0]LogD3D11RHI: D3D11 adapters:
[2023.09.21-07.28.11:159][  0]LogD3D11RHI:    0. 'NVIDIA GeForce GTX 1660 Ti with Max-Q Design' (Feature Level 11_0)
[2023.09.21-07.28.11:159][  0]LogD3D11RHI:       5991/0/8031 MB DedicatedVideo/DedicatedSystem/SharedSystem, Outputs:1, VendorId:0x10de
[2023.09.21-07.28.11:234][  0]LogD3D11RHI:    1. 'AMD Radeon(TM) RX Vega 10 Graphics' (Feature Level 11_0)
[2023.09.21-07.28.11:234][  0]LogD3D11RHI:       241/0/8031 MB DedicatedVideo/DedicatedSystem/SharedSystem, Outputs:0, VendorId:0x1002
[2023.09.21-07.28.11:240][  0]LogD3D11RHI:    2. 'Microsoft Basic Render Driver' (Feature Level 11_0)
[2023.09.21-07.28.11:240][  0]LogD3D11RHI:       0/0/8031 MB DedicatedVideo/DedicatedSystem/SharedSystem, Outputs:0, VendorId:0x1414
[2023.09.21-07.28.11:240][  0]LogD3D11RHI: Chosen D3D11 Adapter:
[2023.09.21-07.28.11:240][  0]LogD3D11RHI:     Description : NVIDIA GeForce GTX 1660 Ti with Max-Q Design
[2023.09.21-07.28.11:240][  0]LogD3D11RHI:     VendorId    : 10de
[2023.09.21-07.28.11:240][  0]LogD3D11RHI:     DeviceId    : 2191
[2023.09.21-07.28.11:240][  0]LogD3D11RHI:     SubSysId    : 18d11043
[2023.09.21-07.28.11:240][  0]LogD3D11RHI:     Revision    : 00a1
[2023.09.21-07.28.11:240][  0]LogD3D11RHI:     DedicatedVideoMemory : 6282018816 bytes
[2023.09.21-07.28.11:240][  0]LogD3D11RHI:     DedicatedSystemMemory : 0 bytes
[2023.09.21-07.28.11:240][  0]LogD3D11RHI:     SharedSystemMemory : 8422060032 bytes
[2023.09.21-07.28.11:240][  0]LogD3D11RHI:     AdapterLuid : 0 71416
[2023.09.21-07.28.11:256][  0]LogD3D11RHI: Creating new Direct3DDevice
[2023.09.21-07.28.11:256][  0]LogD3D11RHI:     GPU DeviceId: 0x2191 (for the marketing name, search the web for "GPU Device Id")
[2023.09.21-07.28.11:256][  0]LogWindows: EnumDisplayDevices:
[2023.09.21-07.28.11:256][  0]LogWindows:    0. 'AMD Radeon(TM) RX Vega 10 Graphics' (P:1 D:1)
[2023.09.21-07.28.11:257][  0]LogWindows:    1. 'AMD Radeon(TM) RX Vega 10 Graphics' (P:0 D:0)
[2023.09.21-07.28.11:258][  0]LogWindows:    2. 'AMD Radeon(TM) RX Vega 10 Graphics' (P:0 D:0)
[2023.09.21-07.28.11:259][  0]LogWindows:    3. 'AMD Radeon(TM) RX Vega 10 Graphics' (P:0 D:0)
[2023.09.21-07.28.11:260][  0]LogWindows:    4. 'NVIDIA GeForce GTX 1660 Ti with Max-Q Design' (P:0 D:0)
[2023.09.21-07.28.11:260][  0]LogWindows:    5. 'NVIDIA GeForce GTX 1660 Ti with Max-Q Design' (P:0 D:0)
[2023.09.21-07.28.11:261][  0]LogWindows:    6. 'NVIDIA GeForce GTX 1660 Ti with Max-Q Design' (P:0 D:0)
[2023.09.21-07.28.11:261][  0]LogWindows:    7. 'NVIDIA GeForce GTX 1660 Ti with Max-Q Design' (P:0 D:0)
[2023.09.21-07.28.11:262][  0]LogWindows: DebugString: PrimaryIsNotTheChoosenAdapter PrimaryIsNotTheChoosenAdapter PrimaryIsNotTheChoosenAdapter PrimaryIsNotTheChoosenAdapter FoundDriverCount:4 
[2023.09.21-07.28.11:262][  0]LogD3D11RHI:     Adapter Name: NVIDIA GeForce GTX 1660 Ti with Max-Q Design
[2023.09.21-07.28.11:262][  0]LogD3D11RHI:   Driver Version: 516.94 (internal:31.0.15.1694, unified:516.94)
[2023.09.21-07.28.11:262][  0]LogD3D11RHI:      Driver Date: 7-21-2022
[2023.09.21-07.28.11:262][  0]LogRHI: Texture pool is 4193 MB (70% of 5991 MB)
[2023.09.21-07.28.11:262][  0]LogD3D11RHI: Creating D3DDevice using adapter:
[2023.09.21-07.28.11:262][  0]LogD3D11RHI:     Description : NVIDIA GeForce GTX 1660 Ti with Max-Q Design
[2023.09.21-07.28.11:262][  0]LogD3D11RHI:     VendorId    : 10de
[2023.09.21-07.28.11:262][  0]LogD3D11RHI:     DeviceId    : 2191
[2023.09.21-07.28.11:262][  0]LogD3D11RHI:     SubSysId    : 18d11043
[2023.09.21-07.28.11:262][  0]LogD3D11RHI:     Revision    : 00a1
[2023.09.21-07.28.11:262][  0]LogD3D11RHI:     DedicatedVideoMemory : 6282018816 bytes
[2023.09.21-07.28.11:262][  0]LogD3D11RHI:     DedicatedSystemMemory : 0 bytes
[2023.09.21-07.28.11:262][  0]LogD3D11RHI:     SharedSystemMemory : 8422060032 bytes
[2023.09.21-07.28.11:262][  0]LogD3D11RHI:     AdapterLuid : 0 71416
[2023.09.21-07.28.11:379][  0]LogD3D11RHI: RHI has support for 64 bit atomics
[2023.09.21-07.28.11:379][  0]LogD3D11RHI: Async texture creation enabled
[2023.09.21-07.28.11:379][  0]LogD3D11RHI: Array index from any shader is supported
[2023.09.21-07.28.11:414][  0]LogD3D11RHI: GPU Timing Frequency: 1000.000000 (Debug: 2 1)
[2023.09.21-07.28.11:486][  0]LogRHI: GeForceNow SDK initialized: 1
[2023.09.21-07.28.11:486][  0]LogRendererCore: Ray tracing is disabled. Reason: r.RayTracing=0.
[2023.09.21-07.28.11:490][  0]LogShaderLibrary: Display: Using ../../../TencentClass/Content/ShaderArchive-Global-PCD3D_SM5.ushaderbytecode for material shader code. Total 1951 unique shaders.
[2023.09.21-07.28.11:490][  0]LogShaderLibrary: Display: Cooked Context: Using Shared Shader Library Global
[2023.09.21-07.28.11:491][  0]LogShaderLibrary: Display: Logical shader library 'Global' has been created, components 1
[2023.09.21-07.28.11:491][  0]LogTemp: Warning: Clearing the OS Cache
[2023.09.21-07.28.11:491][  0]LogODSC: ODSC Thread active.
[2023.09.21-07.28.11:494][  0]LogPakFile: New pak file ../../../TencentClass/Content/Paks/TencentClass-WindowsNoEditor.pak added to pak precacher.
[2023.09.21-07.28.11:519][  0]LogSlate: Using FreeType 2.10.0
[2023.09.21-07.28.11:519][  0]LogSlate: SlateFontServices - WITH_FREETYPE: 1, WITH_HARFBUZZ: 1
[2023.09.21-07.28.11:626][  0]LogShaderLibrary: Display: Using ../../../TencentClass/Content/ShaderArchive-TencentClass-PCD3D_SM5.ushaderbytecode for material shader code. Total 1557 unique shaders.
[2023.09.21-07.28.11:626][  0]LogShaderLibrary: Display: Cooked Context: Using Shared Shader Library TencentClass
[2023.09.21-07.28.11:626][  0]LogShaderLibrary: Display: Logical shader library 'TencentClass' has been created, components 1
[2023.09.21-07.28.11:626][  0]LogRHI: Display: Opened pipeline cache after state change and enqueued 0 of 0 tasks for precompile.
[2023.09.21-07.28.11:627][  0]LogShaderLibrary: Display: Using ../../../TencentClass/Content/ShaderArchive-TencentClass-PCD3D_SM5.ushaderbytecode for material shader code. Total 1557 unique shaders.
[2023.09.21-07.28.11:627][  0]LogShaderLibrary: Display: Cooked Context: Using Shared Shader Library TencentClass
[2023.09.21-07.28.11:627][  0]LogRHI: Display: Opened pipeline cache after state change and enqueued 0 of 0 tasks for precompile.
[2023.09.21-07.28.11:627][  0]LogRHI: Display: Failed to open default shader pipeline cache for TencentClass using shader platform 0.
[2023.09.21-07.28.11:627][  0]LogInit: Using OS detected language (zh-CN).
[2023.09.21-07.28.11:627][  0]LogInit: Using OS detected locale (zh-CN).
[2023.09.21-07.28.11:627][  0]LogTextLocalizationManager: No localization for 'zh-CN' exists, so 'en' will be used for the language.
[2023.09.21-07.28.11:627][  0]LogTextLocalizationManager: No localization for 'zh-CN' exists, so 'en' will be used for the locale.
[2023.09.21-07.28.11:629][  0]LogTextLocalizationManager: Compacting localization data took   1.01ms
[2023.09.21-07.28.11:629][  0]LogAssetRegistry: FAssetRegistry took 0.0012 seconds to start up
[2023.09.21-07.28.11:727][  0]LogStreaming: Display: FlushAsyncLoading: 1 QueuedPackages, 0 AsyncPackages
[2023.09.21-07.28.11:727][  0]LogPackageLocalizationCache: Processed 26 localized package path(s) for 1 prioritized culture(s) in 0.000070 seconds
[2023.09.21-07.28.11:734][  0]LogSerialization: Display: AllowBulkDataInIoStore: 'true'
[2023.09.21-07.28.11:735][  0]LogInit: Selected Device Profile: [WindowsNoEditor]
[2023.09.21-07.28.11:735][  0]LogInit: Active device profile: [000001D20E07E980][000001D27815DB70 49] WindowsNoEditor
[2023.09.21-07.28.11:735][  0]LogInit: Profiles: [000001D20E07E800][000001D20D86B6E0 49] Windows, [000001D20E07E980][000001D27815DB70 49] WindowsNoEditor, 
[2023.09.21-07.28.11:771][  0]LogNetVersion: TencentClass 1.0.0, NetCL: 0, EngineNetVer: 17, GameNetVer: 0 (Checksum: 3012410211)
[2023.09.21-07.28.11:826][  0]LogAudioCaptureCore: Display: No Audio Capture implementations found. Audio input will be silent.
[2023.09.21-07.28.11:826][  0]LogAudioCaptureCore: Display: No Audio Capture implementations found. Audio input will be silent.
[2023.09.21-07.28.11:828][  0]LogHMD: PokeAHoleMaterial loaded successfully
[2023.09.21-07.28.11:875][  0]LogMoviePlayer: Initializing movie player
[2023.09.21-07.28.11:876][  0]LogNiagaraDebuggerClient: Niagara Debugger Client Initialized | Session: C12CC22140C250AEE28F669C345FFFDF | Instance: 366080E14BC87515824EA19838BDC385 (LAPTOP-4CTV1V6R-34440).
[2023.09.21-07.28.11:877][  0]LogAndroidPermission: UAndroidPermissionCallbackProxy::GetInstance
[2023.09.21-07.28.11:877][  0]LogOcInput: OculusInput pre-init called
[2023.09.21-07.28.11:883][  0]LogUObjectArray: 15952 objects as part of root set at end of initial load.
[2023.09.21-07.28.11:883][  0]LogUObjectArray: 2 objects are not in the root set, but can never be destroyed because they are in the DisregardForGC set.
[2023.09.21-07.28.11:883][  0]LogUObjectAllocator: 3308424 out of 0 bytes used by permanent object pool.
[2023.09.21-07.28.11:883][  0]LogUObjectArray: CloseDisregardForGC: 15952/15952 objects in disregard for GC pool
[2023.09.21-07.28.11:884][  0]LogEngine: Initializing Engine...
[2023.09.21-07.28.11:886][  0]LogHMD: Failed to enumerate extensions. Please check that you have a valid OpenXR runtime installed.
[2023.09.21-07.28.11:886][  0]LogHMD: Failed to initialize OpenVR with code 110
[2023.09.21-07.28.11:887][  0]LogStats: UGameplayTagsManager::InitializeManager -  0.000 s
[2023.09.21-07.28.11:964][  0]LogInit: Initializing FReadOnlyCVARCache
[2023.09.21-07.28.11:964][  0]LogAudio: Display: Initializing Audio Device Manager...
[2023.09.21-07.28.11:964][  0]LogAudio: Display: Loading Default Audio Settings Objects...
[2023.09.21-07.28.11:966][  0]LogAudio: Display: No default SoundConcurrencyObject specified (or failed to load).
[2023.09.21-07.28.11:966][  0]LogAudio: Display: Audio Device Manager Initialized
[2023.09.21-07.28.11:966][  0]LogAudio: Display: Creating Audio Device:                 Id: 1, Scope: Shared, Realtime: True
[2023.09.21-07.28.11:966][  0]LogAudioMixer: Display: Audio Mixer Platform Settings:
[2023.09.21-07.28.11:966][  0]LogAudioMixer: Display: 	Sample Rate:						  48000
[2023.09.21-07.28.11:966][  0]LogAudioMixer: Display: 	Callback Buffer Frame Size Requested: 1024
[2023.09.21-07.28.11:966][  0]LogAudioMixer: Display: 	Callback Buffer Frame Size To Use:	  1024
[2023.09.21-07.28.11:966][  0]LogAudioMixer: Display: 	Number of buffers to queue:			  2
[2023.09.21-07.28.11:966][  0]LogAudioMixer: Display: 	Max Channels (voices):				  32
[2023.09.21-07.28.11:966][  0]LogAudioMixer: Display: 	Number of Async Source Workers:		  0
[2023.09.21-07.28.11:966][  0]LogAudio: Display: AudioDevice MaxSources: 32
[2023.09.21-07.28.11:967][  0]LogAudio: Display: Audio Spatialization Plugin: None (built-in).
[2023.09.21-07.28.11:967][  0]LogAudio: Display: Audio Reverb Plugin: None (built-in).
[2023.09.21-07.28.11:967][  0]LogAudio: Display: Audio Occlusion Plugin: None (built-in).
[2023.09.21-07.28.11:967][  0]LogAudioMixer: Display: Initializing audio mixer.
[2023.09.21-07.28.11:978][  0]LogAudioDebug: Display: Lib vorbis DLL was dynamically loaded.
[2023.09.21-07.28.12:520][  0]LogAudioMixer: Display: 0: FrontLeft
[2023.09.21-07.28.12:520][  0]LogAudioMixer: Display: 1: FrontRight
[2023.09.21-07.28.12:520][  0]LogAudioMixer: Display: 2: FrontCenter
[2023.09.21-07.28.12:520][  0]LogAudioMixer: Display: 3: LowFrequency
[2023.09.21-07.28.12:520][  0]LogAudioMixer: Display: 4: BackLeft
[2023.09.21-07.28.12:520][  0]LogAudioMixer: Display: 5: BackRight
[2023.09.21-07.28.12:520][  0]LogAudioMixer: Display: 6: SideLeft
[2023.09.21-07.28.12:520][  0]LogAudioMixer: Display: 7: SideRight
[2023.09.21-07.28.12:918][  0]LogAudioMixer: Display: Using Audio Device 扬声器 (Realtek High Definition Audio)
[2023.09.21-07.28.12:919][  0]LogAudioMixer: Display: Initializing Sound Submixes...
[2023.09.21-07.28.12:920][  0]LogAudioMixer: Display: Creating Master Submix 'MasterSubmixDefault'
[2023.09.21-07.28.12:920][  0]LogAudioMixer: Display: Creating Master Submix 'MasterReverbSubmixDefault'
[2023.09.21-07.28.12:921][  0]LogAudioMixer: Display: Creating Master Submix 'MasterEQSubmixDefault'
[2023.09.21-07.28.12:921][  0]LogAudioMixer: FMixerPlatformXAudio2::StartAudioStream() called
[2023.09.21-07.28.12:922][  0]LogAudioMixer: Display: Output buffers initialized: Frames=1024, Channels=8, Samples=8192
[2023.09.21-07.28.12:922][  0]LogAudioMixer: Display: Starting AudioMixerPlatformInterface::RunInternal()
[2023.09.21-07.28.12:922][  0]LogAudioMixer: Display: FMixerPlatformXAudio2::SubmitBuffer() called for the first time
[2023.09.21-07.28.12:922][  0]LogInit: FAudioDevice initialized.
[2023.09.21-07.28.12:923][  0]LogNetVersion: Set ProjectVersion to 1.0.0.0. Version Checksum will be recalculated on next use.
[2023.09.21-07.28.12:923][  0]LogInit: Texture streaming: Enabled
[2023.09.21-07.28.12:930][  0]LogAudio: Display: Audio Device (ID: 1) registered with world 'Untitled'.
[2023.09.21-07.28.12:930][  0]LogSlate: Updating window title bar state: overlay mode, drag disabled, window buttons hidden, title bar hidden
[2023.09.21-07.28.12:931][  0]LogInit: Display: Game Engine Initialized.
[2023.09.21-07.28.12:931][  0]LogInit: Display: Starting Game.
[2023.09.21-07.28.12:931][  0]LogNet: Browse: /Game/FirstPersonCPP/Maps/FirstPersonExampleMap?Name=Player
[2023.09.21-07.28.12:931][  0]LogLoad: LoadMap: /Game/FirstPersonCPP/Maps/FirstPersonExampleMap?Name=Player
[2023.09.21-07.28.12:931][  0]LogWorld: BeginTearingDown for /Temp/Untitled_0
[2023.09.21-07.28.12:933][  0]LogWorld: UWorld::CleanupWorld for Untitled, bSessionEnded=true, bCleanupResources=true
[2023.09.21-07.28.12:933][  0]LogSlate: InvalidateAllWidgets triggered.  All widgets were invalidated
[2023.09.21-07.28.12:936][  0]LogAudio: Display: Audio Device unregistered from world 'None'.
[2023.09.21-07.28.12:938][  0]LogUObjectHash: Compacting FUObjectHashTables data took   1.11ms
[2023.09.21-07.28.12:978][  0]LogAudio: Display: Audio Device (ID: 1) registered with world 'FirstPersonExampleMap'.
[2023.09.21-07.28.12:980][  0]LogAIModule: Creating AISystem for world FirstPersonExampleMap
[2023.09.21-07.28.12:980][  0]LogLoad: Game class is 'TencentClassGameMode'
[2023.09.21-07.28.12:983][  0]LogWorld: Bringing World /Game/FirstPersonCPP/Maps/FirstPersonExampleMap.FirstPersonExampleMap up for play (max tick rate 0) at 2023.09.21-15.28.12
[2023.09.21-07.28.12:983][  0]LogWorld: Bringing up level for play took: 0.002057
[2023.09.21-07.28.12:985][  0]LogLoad: Took 0.053335 seconds to LoadMap(/Game/FirstPersonCPP/Maps/FirstPersonExampleMap)
[2023.09.21-07.28.13:071][  0]LogSlate: Took 0.000422 seconds to synchronously load lazily loaded font '../../../Engine/Content/Slate/Fonts/Roboto-Regular.ttf' (155K)
[2023.09.21-07.28.13:136][  0]LogRenderer: Reallocating scene render targets to support 1708x960 Format 10 NumSamples 1 (Frame:1).
[2023.09.21-07.28.13:136][  0]LogRHI: Display: ShaderPipelineCache: Paused Batching. 1
[2023.09.21-07.28.13:136][  0]LogPakFile: AllPaks IndexSizes: DirectoryHashSize=214812, PathHashSize=16, EntriesSize=32752, TotalSize=247580
[2023.09.21-07.28.13:136][  0]LogRHI: Display: ShaderPipelineCache: Resumed Batching. 0
[2023.09.21-07.28.13:136][  0]LogRHI: Display: ShaderPipelineCache: Batching Resumed.
[2023.09.21-07.28.13:136][  0]LogInit: Display: Engine is initialized. Leaving FEngineLoop::Init()
[2023.09.21-07.28.13:136][  0]LogLoad: (Engine Initialization) Total time: 2.83 seconds
[2023.09.21-07.28.13:140][  0]LogContentStreaming: Texture pool size now 1000 MB
[2023.09.21-07.28.13:540][  2]LogRenderer: Reallocating scene render targets to support 128x128 Format 10 NumSamples 1 (Frame:1).
[2023.09.21-07.28.13:625][  2]LogRenderer: Reallocating scene render targets to support 1708x960 Format 10 NumSamples 1 (Frame:2).
[2023.09.21-07.28.13:764][  8]LogPakFile: Precache HighWater 16MB

[2023.09.21-07.34.17:797][803]Set new viewmode: Lit_DetailLighting
[2023.09.21-07.34.17:797][803]Debug viewmodes not allowed on consoles by default.  See AllowDebugViewmodes().
[2023.09.21-07.34.17:823][808]Set new viewmode: Unlit
[2023.09.21-07.34.17:824][808]Debug viewmodes not allowed on consoles by default.  See AllowDebugViewmodes().
[2023.09.21-07.34.17:824][808]Set new viewmode: Wireframe
[2023.09.21-07.34.17:824][808]Debug viewmodes not allowed on consoles by default.  See AllowDebugViewmodes().
[2023.09.21-07.34.17:883][820]Set new viewmode: ShaderComplexity
[2023.09.21-07.34.17:891][822]LogSlate: Took 0.000724 seconds to synchronously load lazily loaded font '../../../Engine/Content/Slate/Fonts/Roboto-Regular.ttf' (155K)
